[2023-01-25 10:24:23.154] Starting up round ID .
 - -------------------------
[2023-01-25 10:24:23.200] Running /tg/ revision: 
 - No commit information
[2023-01-25 10:24:34.936] Initialized Title Screen subsystem within 0.03 seconds!
[2023-01-25 10:24:34.942] Initialized Server Tasks subsystem within 0 seconds!
[2023-01-25 10:24:34.946] Initialized Input subsystem within 0 seconds!
[2023-01-25 10:24:34.950] Initialized Profiler subsystem within 0 seconds!
[2023-01-25 10:24:34.954] Initialized Database subsystem within 0 seconds!
[2023-01-25 10:24:34.957] Initialized Blackbox subsystem within 0 seconds!
[2023-01-25 10:24:34.959] Initialized Sounds subsystem within 0 seconds!
[2023-01-25 10:24:34.982] Initialized Instruments subsystem within 0.02 seconds!
[2023-01-25 10:24:35.826] Initialized Greyscale subsystem within 0.84 seconds!
[2023-01-25 10:24:35.830] Initialized Vis contents overlays subsystem within 0 seconds!
[2023-01-25 10:24:35.834] Initialized Security Level subsystem within 0 seconds!
[2023-01-25 10:24:35.841] Initialized Station subsystem within 0 seconds!
[2023-01-25 10:24:35.846] Initialized Quirks subsystem within 0 seconds!
[2023-01-25 10:24:35.866] Initialized Reagents subsystem within 0.01 seconds!
[2023-01-25 10:24:35.869] Initialized Events subsystem within 0 seconds!
[2023-01-25 10:24:35.878] Initialized IDs and Access subsystem within 0 seconds!
[2023-01-25 10:24:35.882] Initialized Jobs subsystem within 0 seconds!
[2023-01-25 10:24:35.889] Initialized AI movement subsystem within 0 seconds!
[2023-01-25 10:24:35.917] Initialized Ticker subsystem within 0.02 seconds!
[2023-01-25 10:24:36.035] Initialized AI Controller Ticker subsystem within 0 seconds!
[2023-01-25 10:24:36.039] Initialized AI Behavior Ticker subsystem within 0 seconds!
[2023-01-25 10:24:36.095] Initialized Trading Card Game subsystem within 0.05 seconds!
[2023-01-25 10:24:36.125] Loading Meta Station...
[2023-01-25 10:24:38.009] Loaded Station in 1.9s!
[2023-01-25 10:24:39.204] Loaded Lavaland in 1.1s!
[2023-01-25 10:24:41.507] Ruin loader finished with 0 left to spend.
[2023-01-25 10:24:42.332] Ruin loader finished with 0 left to spend.
[2023-01-25 10:24:42.713] Cave Generator finished in 0.4s!
[2023-01-25 10:24:42.738] Cave Generator finished in 0s!
[2023-01-25 10:24:43.546] Initialized Mapping subsystem within 7.45 seconds!
[2023-01-25 10:24:46.408] Initialized Early Assets subsystem within 2.81 seconds!
[2023-01-25 10:24:46.464] Initialized Research subsystem within 0.05 seconds!
[2023-01-25 10:24:46.469] Initialized Time Tracking subsystem within 0 seconds!
[2023-01-25 10:24:46.480] Initialized Networks subsystem within 0.01 seconds!
[2023-01-25 10:24:46.584] Initialized Spatial Grid subsystem within 0.1 seconds!
[2023-01-25 10:24:46.588] Initialized Economy subsystem within 0 seconds!
[2023-01-25 10:24:46.593] Initialized Restaurant subsystem within 0 seconds!
[2023-01-25 10:25:24.577] Initialized Atoms subsystem within 37.98 seconds!
[2023-01-25 10:25:24.699] Initialized Language subsystem within 0.02 seconds!
[2023-01-25 10:25:24.821] Initialized Machines subsystem within 0.12 seconds!
[2023-01-25 10:25:24.860] Initialized Skills subsystem within 0 seconds!
[2023-01-25 10:25:24.871] Initialized Addiction subsystem within 0 seconds!
[2023-01-25 10:25:24.877] Initialized Blackmarket subsystem within 0 seconds!
[2023-01-25 10:25:24.883] Initialized Disease subsystem within 0 seconds!
[2023-01-25 10:25:24.893] Initialized Fluid subsystem within 0 seconds!
[2023-01-25 10:25:24.898] Initialized Smoke subsystem within 0 seconds!
[2023-01-25 10:25:24.901] Initialized Foam subsystem within 0 seconds!
[2023-01-25 10:25:24.906] Initialized Lag Switch subsystem within 0 seconds!
[2023-01-25 10:25:24.912] Initialized Library Loading subsystem within 0 seconds!
[2023-01-25 10:25:25.212] Initialized Lua Scripting subsystem within 0.3 seconds!
[2023-01-25 10:25:25.370] Initialized Modular Computers subsystem within 0 seconds!
[2023-01-25 10:25:25.375] Initialized Night Shift subsystem within 0 seconds!
[2023-01-25 10:25:25.380] Initialized Sun subsystem within 0 seconds!
[2023-01-25 10:25:25.390] Initialized Traitor subsystem within 0 seconds!
[2023-01-25 10:25:25.398] Initialized Tutorials subsystem within 0 seconds!
[2023-01-25 10:25:25.441] Initialized Wardrobe subsystem within 0.04 seconds!
[2023-01-25 10:25:25.447] Initialized Weather subsystem within 0 seconds!
[2023-01-25 10:25:25.452] Initialized Wiremod Composite Templates subsystem within 0 seconds!
[2023-01-25 10:25:31.503] Initialized Atmospherics subsystem within 6.05 seconds!
[2023-01-25 10:25:31.514] Initialized Persistence subsystem within 0 seconds!
[2023-01-25 10:25:31.524] Initialized Persistent Paintings subsystem within 0 seconds!
[2023-01-25 10:25:31.532] Initialized Vote subsystem within 0 seconds!
[2023-01-25 10:25:33.359] Initialized Assets subsystem within 1.82 seconds!
[2023-01-25 10:25:35.836] Initialized Icon Smoothing subsystem within 2.36 seconds!
[2023-01-25 10:25:35.883] Initialized XKeyScore subsystem within 0 seconds!
[2023-01-25 10:25:35.888] Initialized PRISM subsystem within 0 seconds!
[2023-01-25 10:25:43.959] Initialized Lighting subsystem within 8.07 seconds!
[2023-01-25 10:25:48.264] Initialized Shuttle subsystem within 4.3 seconds!
[2023-01-25 10:25:48.401] Initialized Minor Mapping subsystem within 0.13 seconds!
[2023-01-25 10:25:48.454] Initialized Pathfinder subsystem within 0 seconds!
[2023-01-25 10:25:48.459] Initialized Ban Cache subsystem within 0 seconds!
[2023-01-25 10:25:48.464] Initialized Init Profiler subsystem within 0 seconds!
[2023-01-25 10:25:48.469] Initialized Chat subsystem within 0 seconds!
[2023-01-25 10:25:48.473] Initializations complete within 73.5 seconds!
[2023-01-25 10:27:28.025] Game start took 0.1s
